{"level":"error","message":"Mongo connection error The `uri` parameter to `openUri()` must be a string, got \"undefined\". Make sure the first parameter to `mongoose.connect()` or `mongoose.createConnection()` is a string.","service":"Auth-service","stack":"MongooseError: The `uri` parameter to `openUri()` must be a string, got \"undefined\". Make sure the first parameter to `mongoose.connect()` or `mongoose.createConnection()` is a string.\n    at NativeConnection.createClient (C:\\Users\\SAMARTH SNEH\\Desktop\\Backend Advanced\\microservices\\auth-service\\node_modules\\mongoose\\lib\\drivers\\node-mongodb-native\\connection.js:237:11)\n    at NativeConnection.openUri (C:\\Users\\SAMARTH SNEH\\Desktop\\Backend Advanced\\microservices\\auth-service\\node_modules\\mongoose\\lib\\connection.js:1071:34)\n    at Mongoose.connect (C:\\Users\\SAMARTH SNEH\\Desktop\\Backend Advanced\\microservices\\auth-service\\node_modules\\mongoose\\lib\\mongoose.js:450:15)\n    at file:///C:/Users/SAMARTH%20SNEH/Desktop/Backend%20Advanced/microservices/auth-service/src/server.js:21:4\n    at ModuleJob.run (node:internal/modules/esm/module_job:329:25)\n    at async onImport.tracePromise.__proto__ (node:internal/modules/esm/loader:644:26)\n    at async asyncRunEntryPointWithESMLoader (node:internal/modules/run_main:117:5)","timestamp":"2025-09-03T11:41:14.190Z"}
{"level":"info","message":"Auth service running on port 3001","service":"Auth-service","timestamp":"2025-09-03T11:41:14.212Z"}
{"level":"error","message":"Mongo connection error The `uri` parameter to `openUri()` must be a string, got \"undefined\". Make sure the first parameter to `mongoose.connect()` or `mongoose.createConnection()` is a string.","service":"Auth-service","stack":"MongooseError: The `uri` parameter to `openUri()` must be a string, got \"undefined\". Make sure the first parameter to `mongoose.connect()` or `mongoose.createConnection()` is a string.\n    at NativeConnection.createClient (C:\\Users\\SAMARTH SNEH\\Desktop\\Backend Advanced\\microservices\\auth-service\\node_modules\\mongoose\\lib\\drivers\\node-mongodb-native\\connection.js:237:11)\n    at NativeConnection.openUri (C:\\Users\\SAMARTH SNEH\\Desktop\\Backend Advanced\\microservices\\auth-service\\node_modules\\mongoose\\lib\\connection.js:1071:34)\n    at Mongoose.connect (C:\\Users\\SAMARTH SNEH\\Desktop\\Backend Advanced\\microservices\\auth-service\\node_modules\\mongoose\\lib\\mongoose.js:450:15)\n    at file:///C:/Users/SAMARTH%20SNEH/Desktop/Backend%20Advanced/microservices/auth-service/src/server.js:21:4\n    at ModuleJob.run (node:internal/modules/esm/module_job:329:25)\n    at async onImport.tracePromise.__proto__ (node:internal/modules/esm/loader:644:26)\n    at async asyncRunEntryPointWithESMLoader (node:internal/modules/run_main:117:5)","timestamp":"2025-09-03T11:41:21.499Z"}
{"level":"info","message":"Auth service running on port 3001","service":"Auth-service","timestamp":"2025-09-03T11:41:21.519Z"}
{"level":"error","message":"Mongo connection error The `uri` parameter to `openUri()` must be a string, got \"undefined\". Make sure the first parameter to `mongoose.connect()` or `mongoose.createConnection()` is a string.","service":"Auth-service","stack":"MongooseError: The `uri` parameter to `openUri()` must be a string, got \"undefined\". Make sure the first parameter to `mongoose.connect()` or `mongoose.createConnection()` is a string.\n    at NativeConnection.createClient (C:\\Users\\SAMARTH SNEH\\Desktop\\Backend Advanced\\microservices\\auth-service\\node_modules\\mongoose\\lib\\drivers\\node-mongodb-native\\connection.js:237:11)\n    at NativeConnection.openUri (C:\\Users\\SAMARTH SNEH\\Desktop\\Backend Advanced\\microservices\\auth-service\\node_modules\\mongoose\\lib\\connection.js:1071:34)\n    at Mongoose.connect (C:\\Users\\SAMARTH SNEH\\Desktop\\Backend Advanced\\microservices\\auth-service\\node_modules\\mongoose\\lib\\mongoose.js:450:15)\n    at file:///C:/Users/SAMARTH%20SNEH/Desktop/Backend%20Advanced/microservices/auth-service/src/server.js:21:4\n    at ModuleJob.run (node:internal/modules/esm/module_job:329:25)\n    at async onImport.tracePromise.__proto__ (node:internal/modules/esm/loader:644:26)\n    at async asyncRunEntryPointWithESMLoader (node:internal/modules/run_main:117:5)","timestamp":"2025-09-03T11:41:59.565Z"}
{"level":"info","message":"Auth service running on port 3001","service":"Auth-service","timestamp":"2025-09-03T11:41:59.583Z"}
{"level":"error","message":"Mongo connection error The `uri` parameter to `openUri()` must be a string, got \"undefined\". Make sure the first parameter to `mongoose.connect()` or `mongoose.createConnection()` is a string.","service":"Auth-service","stack":"MongooseError: The `uri` parameter to `openUri()` must be a string, got \"undefined\". Make sure the first parameter to `mongoose.connect()` or `mongoose.createConnection()` is a string.\n    at NativeConnection.createClient (C:\\Users\\SAMARTH SNEH\\Desktop\\Backend Advanced\\microservices\\auth-service\\node_modules\\mongoose\\lib\\drivers\\node-mongodb-native\\connection.js:237:11)\n    at NativeConnection.openUri (C:\\Users\\SAMARTH SNEH\\Desktop\\Backend Advanced\\microservices\\auth-service\\node_modules\\mongoose\\lib\\connection.js:1071:34)\n    at Mongoose.connect (C:\\Users\\SAMARTH SNEH\\Desktop\\Backend Advanced\\microservices\\auth-service\\node_modules\\mongoose\\lib\\mongoose.js:450:15)\n    at file:///C:/Users/SAMARTH%20SNEH/Desktop/Backend%20Advanced/microservices/auth-service/src/server.js:21:4\n    at ModuleJob.run (node:internal/modules/esm/module_job:329:25)\n    at async onImport.tracePromise.__proto__ (node:internal/modules/esm/loader:644:26)\n    at async asyncRunEntryPointWithESMLoader (node:internal/modules/run_main:117:5)","timestamp":"2025-09-03T11:42:29.769Z"}
{"level":"info","message":"Auth service running on port 3001","service":"Auth-service","timestamp":"2025-09-03T11:42:29.786Z"}
{"level":"info","message":"Auth service running on port 3001","service":"Auth-service","timestamp":"2025-09-03T11:43:46.868Z"}
{"level":"info","message":"Connected to mongodb","service":"Auth-service","timestamp":"2025-09-03T11:43:48.055Z"}
{"level":"info","message":"Auth service running on port 3001","service":"Auth-service","timestamp":"2025-09-03T11:43:56.339Z"}
{"level":"info","message":"Connected to mongodb","service":"Auth-service","timestamp":"2025-09-03T11:43:59.728Z"}
{"level":"info","message":"Received POST request to /api/auth/register","service":"Auth-service","timestamp":"2025-09-03T11:56:46.506Z"}
{"level":"info","message":"Request body, [object Object]","service":"Auth-service","timestamp":"2025-09-03T11:56:46.507Z"}
{"level":"info","message":"Auth service running on port 3001","service":"Auth-service","timestamp":"2025-09-03T11:57:49.161Z"}
{"level":"info","message":"Connected to mongodb","service":"Auth-service","timestamp":"2025-09-03T11:57:50.504Z"}
{"level":"info","message":"Auth service running on port 3001","service":"Auth-service","timestamp":"2025-09-03T11:59:41.223Z"}
{"level":"info","message":"Connected to mongodb","service":"Auth-service","timestamp":"2025-09-03T11:59:42.327Z"}
{"level":"info","message":"Received POST request to /api/auth/register","service":"Auth-service","timestamp":"2025-09-03T11:59:53.305Z"}
{"level":"info","message":"Request body, [object Object]","service":"Auth-service","timestamp":"2025-09-03T11:59:53.306Z"}
{"level":"info","message":"Registration endpoint hit...","service":"Auth-service","timestamp":"2025-09-03T11:59:53.320Z"}
{"0":"\"","1":"p","10":" ","11":"l","12":"e","13":"n","14":"g","15":"t","16":"h","17":" ","18":"m","19":"u","2":"a","20":"s","21":"t","22":" ","23":"b","24":"e","25":" ","26":"a","27":"t","28":" ","29":"l","3":"s","30":"e","31":"a","32":"s","33":"t","34":" ","35":"6","36":" ","37":"c","38":"h","39":"a","4":"s","40":"r","41":"a","42":"c","43":"t","44":"e","45":"r","46":"s","47":" ","48":"l","49":"o","5":"w","50":"n","51":"g","6":"o","7":"r","8":"d","9":"\"","level":"warn","message":"Validation error","service":"Auth-service","timestamp":"2025-09-03T11:59:53.333Z"}
{"level":"info","message":"Received POST request to /api/auth/register","service":"Auth-service","timestamp":"2025-09-03T12:00:06.179Z"}
{"level":"info","message":"Request body, [object Object]","service":"Auth-service","timestamp":"2025-09-03T12:00:06.180Z"}
{"level":"info","message":"Registration endpoint hit...","service":"Auth-service","timestamp":"2025-09-03T12:00:06.183Z"}
{"buffer":{"data":[104,184,45,198,75,250,119,247,100,123,124,75],"type":"Buffer"},"level":"warn","message":"User saved successfully","service":"Auth-service","timestamp":"2025-09-03T12:00:06.493Z"}
{"level":"error","message":"Registration error occured crypto.ranadomBytes is not a function","service":"Auth-service","stack":"TypeError: crypto.ranadomBytes is not a function\n    at generateTokens (file:///C:/Users/SAMARTH%20SNEH/Desktop/Backend%20Advanced/microservices/auth-service/src/utils/generateToken.js:15:31)\n    at resgiterUser (file:///C:/Users/SAMARTH%20SNEH/Desktop/Backend%20Advanced/microservices/auth-service/src/controllers/auth.controller.js:36:49)\n    at process.processTicksAndRejections (node:internal/process/task_queues:105:5)","timestamp":"2025-09-03T12:00:06.513Z"}
{"level":"info","message":"Auth service running on port 3001","service":"Auth-service","timestamp":"2025-09-03T12:01:20.762Z"}
{"level":"info","message":"Received POST request to /api/auth/register","service":"Auth-service","timestamp":"2025-09-03T12:01:22.991Z"}
{"level":"info","message":"Request body, [object Object]","service":"Auth-service","timestamp":"2025-09-03T12:01:22.993Z"}
{"level":"info","message":"Registration endpoint hit...","service":"Auth-service","timestamp":"2025-09-03T12:01:23.007Z"}
{"level":"info","message":"Connected to mongodb","service":"Auth-service","timestamp":"2025-09-03T12:01:23.640Z"}
{"level":"warn","message":"User already exists","service":"Auth-service","timestamp":"2025-09-03T12:01:23.710Z"}
{"level":"info","message":"Received POST request to /api/auth/register","service":"Auth-service","timestamp":"2025-09-03T12:01:34.952Z"}
{"level":"info","message":"Request body, [object Object]","service":"Auth-service","timestamp":"2025-09-03T12:01:34.953Z"}
{"level":"info","message":"Registration endpoint hit...","service":"Auth-service","timestamp":"2025-09-03T12:01:34.958Z"}
{"buffer":{"data":[104,184,46,31,66,57,195,30,242,220,61,107],"type":"Buffer"},"level":"warn","message":"User saved successfully","service":"Auth-service","timestamp":"2025-09-03T12:01:35.275Z"}
{"level":"error","message":"Registration error occured crypto.randomBytes is not a function","service":"Auth-service","stack":"TypeError: crypto.randomBytes is not a function\n    at generateTokens (file:///C:/Users/SAMARTH%20SNEH/Desktop/Backend%20Advanced/microservices/auth-service/src/utils/generateToken.js:15:31)\n    at resgiterUser (file:///C:/Users/SAMARTH%20SNEH/Desktop/Backend%20Advanced/microservices/auth-service/src/controllers/auth.controller.js:36:49)\n    at process.processTicksAndRejections (node:internal/process/task_queues:105:5)","timestamp":"2025-09-03T12:01:35.282Z"}
{"level":"info","message":"Auth service running on port 3001","service":"Auth-service","timestamp":"2025-09-03T12:01:58.127Z"}
{"level":"info","message":"Connected to mongodb","service":"Auth-service","timestamp":"2025-09-03T12:01:59.269Z"}
{"level":"info","message":"Received POST request to /api/auth/register","service":"Auth-service","timestamp":"2025-09-03T12:02:02.535Z"}
{"level":"info","message":"Request body, [object Object]","service":"Auth-service","timestamp":"2025-09-03T12:02:02.536Z"}
{"level":"info","message":"Registration endpoint hit...","service":"Auth-service","timestamp":"2025-09-03T12:02:02.549Z"}
{"level":"warn","message":"User already exists","service":"Auth-service","timestamp":"2025-09-03T12:02:02.722Z"}
{"level":"info","message":"Auth service running on port 3001","service":"Auth-service","timestamp":"2025-09-03T12:03:26.528Z"}
{"level":"info","message":"Connected to mongodb","service":"Auth-service","timestamp":"2025-09-03T12:03:27.383Z"}
{"level":"info","message":"Auth service running on port 3001","service":"Auth-service","timestamp":"2025-09-03T12:06:10.511Z"}
{"level":"info","message":"Connected to mongodb","service":"Auth-service","timestamp":"2025-09-03T12:06:11.843Z"}
{"level":"info","message":"Received POST request to /api/auth/register","service":"Auth-service","timestamp":"2025-09-03T12:06:25.261Z"}
{"level":"info","message":"Request body, [object Object]","service":"Auth-service","timestamp":"2025-09-03T12:06:25.262Z"}
{"level":"info","message":"Registration endpoint hit...","service":"Auth-service","timestamp":"2025-09-03T12:06:25.276Z"}
{"level":"warn","message":"User already exists","service":"Auth-service","timestamp":"2025-09-03T12:06:25.382Z"}
{"level":"info","message":"Auth service running on port 3001","service":"Auth-service","timestamp":"2025-09-03T12:07:32.432Z"}
{"level":"info","message":"Connected to mongodb","service":"Auth-service","timestamp":"2025-09-03T12:07:33.575Z"}
